# JRE version: Java(TM) SE Runtime Environment (8.0_101-b13) (build 1.8.0_101-b13)
# Java VM: Java HotSpot(TM) 64-Bit Server VM (25.101-b13 mixed mode windows-amd64 compressed oops)
Heap:
 PSYoungGen      total 584192K, used 58841K [0x00000000d5580000, 0x0000000100000000, 0x0000000100000000)
  eden space 528896K, 11% used [0x00000000d5580000,0x00000000d8ef67c0,0x00000000f5a00000)
  from space 55296K, 0% used [0x00000000f5a00000,0x00000000f5a00000,0x00000000f9000000)
  to   space 88064K, 0% used [0x00000000faa00000,0x00000000faa00000,0x0000000100000000)
 ParOldGen       total 276480K, used 140097K [0x0000000080000000, 0x0000000090e00000, 0x00000000d5580000)
  object space 276480K, 50% used [0x0000000080000000,0x00000000888d05b8,0x0000000090e00000)
 Metaspace       used 65261K, capacity 67266K, committed 67584K, reserved 1107968K
  class space    used 8279K, capacity 8663K, committed 8704K, reserved 1048576K
GC Heap History (10 events):
Event: 930.332 GC heap before
{Heap before GC invocations=31 (full 6):
 PSYoungGen      total 600576K, used 600541K [0x00000000d5580000, 0x0000000100000000, 0x0000000100000000)
  eden space 550400K, 99% used [0x00000000d5580000,0x00000000f6efcb78,0x00000000f6f00000)
  from space 50176K, 99% used [0x00000000fbf80000,0x00000000ff07a948,0x00000000ff080000)
  to   space 74240K, 0% used [0x00000000f6f00000,0x00000000f6f00000,0x00000000fb780000)
 ParOldGen       total 164352K, used 130043K [0x0000000080000000, 0x000000008a080000, 0x00000000d5580000)
  object space 164352K, 79% used [0x0000000080000000,0x0000000087efecb8,0x000000008a080000)
 Metaspace       used 65324K, capacity 67386K, committed 67584K, reserved 1107968K
  class space    used 8298K, capacity 8703K, committed 8704K, reserved 1048576K
Event: 930.594 GC heap after
Heap after GC invocations=31 (full 6):
 PSYoungGen      total 603648K, used 52916K [0x00000000d5580000, 0x0000000100000000, 0x0000000100000000)
  eden space 550400K, 0% used [0x00000000d5580000,0x00000000d5580000,0x00000000f6f00000)
  from space 53248K, 99% used [0x00000000f6f00000,0x00000000fa2ad0b0,0x00000000fa300000)
  to   space 79360K, 0% used [0x00000000fb280000,0x00000000fb280000,0x0000000100000000)
 ParOldGen       total 164352K, used 160849K [0x0000000080000000, 0x000000008a080000, 0x00000000d5580000)
  object space 164352K, 97% used [0x0000000080000000,0x0000000089d14600,0x000000008a080000)
 Metaspace       used 65324K, capacity 67386K, committed 67584K, reserved 1107968K
  class space    used 8298K, capacity 8703K, committed 8704K, reserved 1048576K
}
Event: 930.594 GC heap before
{Heap before GC invocations=32 (full 7):
 PSYoungGen      total 603648K, used 52916K [0x00000000d5580000, 0x0000000100000000, 0x0000000100000000)
  eden space 550400K, 0% used [0x00000000d5580000,0x00000000d5580000,0x00000000f6f00000)
  from space 53248K, 99% used [0x00000000f6f00000,0x00000000fa2ad0b0,0x00000000fa300000)
  to   space 79360K, 0% used [0x00000000fb280000,0x00000000fb280000,0x0000000100000000)
 ParOldGen       total 164352K, used 160849K [0x0000000080000000, 0x000000008a080000, 0x00000000d5580000)
  object space 164352K, 97% used [0x0000000080000000,0x0000000089d14600,0x000000008a080000)
 Metaspace       used 65324K, capacity 67386K, committed 67584K, reserved 1107968K
  class space    used 8298K, capacity 8703K, committed 8704K, reserved 1048576K
Event: 931.666 GC heap after
Heap after GC invocations=32 (full 7):
 PSYoungGen      total 603648K, used 0K [0x00000000d5580000, 0x0000000100000000, 0x0000000100000000)
  eden space 550400K, 0% used [0x00000000d5580000,0x00000000d5580000,0x00000000f6f00000)
  from space 53248K, 0% used [0x00000000f6f00000,0x00000000f6f00000,0x00000000fa300000)
  to   space 79360K, 0% used [0x00000000fb280000,0x00000000fb280000,0x0000000100000000)
 ParOldGen       total 164352K, used 125043K [0x0000000080000000, 0x000000008a080000, 0x00000000d5580000)
  object space 164352K, 76% used [0x0000000080000000,0x0000000087a1ccc0,0x000000008a080000)
 Metaspace       used 65206K, capacity 67202K, committed 67584K, reserved 1107968K
  class space    used 8277K, capacity 8663K, committed 8704K, reserved 1048576K
}
Event: 934.139 GC heap before
{Heap before GC invocations=33 (full 7):
 PSYoungGen      total 603648K, used 550400K [0x00000000d5580000, 0x0000000100000000, 0x0000000100000000)
  eden space 550400K, 100% used [0x00000000d5580000,0x00000000f6f00000,0x00000000f6f00000)
  from space 53248K, 0% used [0x00000000f6f00000,0x00000000f6f00000,0x00000000fa300000)
  to   space 79360K, 0% used [0x00000000fb280000,0x00000000fb280000,0x0000000100000000)
 ParOldGen       total 164352K, used 125043K [0x0000000080000000, 0x000000008a080000, 0x00000000d5580000)
  object space 164352K, 76% used [0x0000000080000000,0x0000000087a1ccc0,0x000000008a080000)
 Metaspace       used 65251K, capacity 67266K, committed 67584K, reserved 1107968K
  class space    used 8279K, capacity 8663K, committed 8704K, reserved 1048576K
Event: 934.274 GC heap after
Heap after GC invocations=33 (full 7):
 PSYoungGen      total 608256K, used 57590K [0x00000000d5580000, 0x0000000100000000, 0x0000000100000000)
  eden space 528896K, 0% used [0x00000000d5580000,0x00000000d5580000,0x00000000f5a00000)
  from space 79360K, 72% used [0x00000000fb280000,0x00000000feabdac0,0x0000000100000000)
  to   space 84992K, 0% used [0x00000000f5a00000,0x00000000f5a00000,0x00000000fad00000)
 ParOldGen       total 164352K, used 125043K [0x0000000080000000, 0x000000008a080000, 0x00000000d5580000)
  object space 164352K, 76% used [0x0000000080000000,0x0000000087a1ccc0,0x000000008a080000)
 Metaspace       used 65251K, capacity 67266K, committed 67584K, reserved 1107968K
  class space    used 8279K, capacity 8663K, committed 8704K, reserved 1048576K
}
Event: 936.815 GC heap before
{Heap before GC invocations=34 (full 7):
 PSYoungGen      total 608256K, used 586486K [0x00000000d5580000, 0x0000000100000000, 0x0000000100000000)
  eden space 528896K, 100% used [0x00000000d5580000,0x00000000f5a00000,0x00000000f5a00000)
  from space 79360K, 72% used [0x00000000fb280000,0x00000000feabdac0,0x0000000100000000)
  to   space 84992K, 0% used [0x00000000f5a00000,0x00000000f5a00000,0x00000000fad00000)
 ParOldGen       total 164352K, used 125043K [0x0000000080000000, 0x000000008a080000, 0x00000000d5580000)
  object space 164352K, 76% used [0x0000000080000000,0x0000000087a1ccc0,0x000000008a080000)
 Metaspace       used 65261K, capacity 67266K, committed 67584K, reserved 1107968K
  class space    used 8279K, capacity 8663K, committed 8704K, reserved 1048576K
Event: 937.010 GC heap after
Heap after GC invocations=34 (full 7):
 PSYoungGen      total 584192K, used 54789K [0x00000000d5580000, 0x0000000100000000, 0x0000000100000000)
  eden space 528896K, 0% used [0x00000000d5580000,0x00000000d5580000,0x00000000f5a00000)
  from space 55296K, 99% used [0x00000000f5a00000,0x00000000f8f814c0,0x00000000f9000000)
  to   space 88064K, 0% used [0x00000000faa00000,0x00000000faa00000,0x0000000100000000)
 ParOldGen       total 164352K, used 148052K [0x0000000080000000, 0x000000008a080000, 0x00000000d5580000)
  object space 164352K, 90% used [0x0000000080000000,0x00000000890953a0,0x000000008a080000)
 Metaspace       used 65261K, capacity 67266K, committed 67584K, reserved 1107968K
  class space    used 8279K, capacity 8663K, committed 8704K, reserved 1048576K
}
Event: 937.010 GC heap before
{Heap before GC invocations=35 (full 8):
 PSYoungGen      total 584192K, used 54789K [0x00000000d5580000, 0x0000000100000000, 0x0000000100000000)
  eden space 528896K, 0% used [0x00000000d5580000,0x00000000d5580000,0x00000000f5a00000)
  from space 55296K, 99% used [0x00000000f5a00000,0x00000000f8f814c0,0x00000000f9000000)
  to   space 88064K, 0% used [0x00000000faa00000,0x00000000faa00000,0x0000000100000000)
 ParOldGen       total 164352K, used 148052K [0x0000000080000000, 0x000000008a080000, 0x00000000d5580000)
  object space 164352K, 90% used [0x0000000080000000,0x00000000890953a0,0x000000008a080000)
 Metaspace       used 65261K, capacity 67266K, committed 67584K, reserved 1107968K
  class space    used 8279K, capacity 8663K, committed 8704K, reserved 1048576K
Event: 938.297 GC heap after
Heap after GC invocations=35 (full 8):
 PSYoungGen      total 584192K, used 0K [0x00000000d5580000, 0x0000000100000000, 0x0000000100000000)
  eden space 528896K, 0% used [0x00000000d5580000,0x00000000d5580000,0x00000000f5a00000)
  from space 55296K, 0% used [0x00000000f5a00000,0x00000000f5a00000,0x00000000f9000000)
  to   space 88064K, 0% used [0x00000000faa00000,0x00000000faa00000,0x0000000100000000)
 ParOldGen       total 276480K, used 140097K [0x0000000080000000, 0x0000000090e00000, 0x00000000d5580000)
  object space 276480K, 50% used [0x0000000080000000,0x00000000888d05b8,0x0000000090e00000)
 Metaspace       used 65261K, capacity 67266K, committed 67584K, reserved 1107968K
  class space    used 8279K, capacity 8663K, committed 8704K, reserved 1048576K
}

