# JRE version: Java(TM) SE Runtime Environment (8.0_101-b13) (build 1.8.0_101-b13)
# Java VM: Java HotSpot(TM) 64-Bit Server VM (25.101-b13 mixed mode windows-amd64 compressed oops)
Heap:
 PSYoungGen      total 96768K, used 36821K [0x00000000d5580000, 0x00000000dc000000, 0x0000000100000000)
  eden space 87552K, 34% used [0x00000000d5580000,0x00000000d73600e8,0x00000000dab00000)
  from space 9216K, 67% used [0x00000000db700000,0x00000000dbd156f8,0x00000000dc000000)
  to   space 10752K, 0% used [0x00000000dab00000,0x00000000dab00000,0x00000000db580000)
 ParOldGen       total 89088K, used 14156K [0x0000000080000000, 0x0000000085700000, 0x00000000d5580000)
  object space 89088K, 15% used [0x0000000080000000,0x0000000080dd3070,0x0000000085700000)
 Metaspace       used 39038K, capacity 39780K, committed 40064K, reserved 1083392K
  class space    used 5297K, capacity 5481K, committed 5504K, reserved 1048576K
GC Heap History (10 events):
Event: 14.892 GC heap before
{Heap before GC invocations=8 (full 1):
 PSYoungGen      total 57344K, used 53265K [0x00000000d5580000, 0x00000000d9880000, 0x0000000100000000)
  eden space 48128K, 100% used [0x00000000d5580000,0x00000000d8480000,0x00000000d8480000)
  from space 9216K, 55% used [0x00000000d8f80000,0x00000000d94847d8,0x00000000d9880000)
  to   space 10240K, 0% used [0x00000000d8480000,0x00000000d8480000,0x00000000d8e80000)
 ParOldGen       total 62976K, used 7901K [0x0000000080000000, 0x0000000083d80000, 0x00000000d5580000)
  object space 62976K, 12% used [0x0000000080000000,0x00000000807b7448,0x0000000083d80000)
 Metaspace       used 28575K, capacity 29054K, committed 29312K, reserved 1075200K
  class space    used 3979K, capacity 4151K, committed 4224K, reserved 1048576K
Event: 14.900 GC heap after
Heap after GC invocations=8 (full 1):
 PSYoungGen      total 58368K, used 6002K [0x00000000d5580000, 0x00000000da980000, 0x0000000100000000)
  eden space 48128K, 0% used [0x00000000d5580000,0x00000000d5580000,0x00000000d8480000)
  from space 10240K, 58% used [0x00000000d8480000,0x00000000d8a5c940,0x00000000d8e80000)
  to   space 9728K, 0% used [0x00000000da000000,0x00000000da000000,0x00000000da980000)
 ParOldGen       total 62976K, used 7973K [0x0000000080000000, 0x0000000083d80000, 0x00000000d5580000)
  object space 62976K, 12% used [0x0000000080000000,0x00000000807c9458,0x0000000083d80000)
 Metaspace       used 28575K, capacity 29054K, committed 29312K, reserved 1075200K
  class space    used 3979K, capacity 4151K, committed 4224K, reserved 1048576K
}
Event: 16.426 GC heap before
{Heap before GC invocations=9 (full 1):
 PSYoungGen      total 58368K, used 54130K [0x00000000d5580000, 0x00000000da980000, 0x0000000100000000)
  eden space 48128K, 100% used [0x00000000d5580000,0x00000000d8480000,0x00000000d8480000)
  from space 10240K, 58% used [0x00000000d8480000,0x00000000d8a5c940,0x00000000d8e80000)
  to   space 9728K, 0% used [0x00000000da000000,0x00000000da000000,0x00000000da980000)
 ParOldGen       total 62976K, used 7973K [0x0000000080000000, 0x0000000083d80000, 0x00000000d5580000)
  object space 62976K, 12% used [0x0000000080000000,0x00000000807c9458,0x0000000083d80000)
 Metaspace       used 33665K, capacity 34452K, committed 34816K, reserved 1079296K
  class space    used 4550K, capacity 4758K, committed 4864K, reserved 1048576K
Event: 16.439 GC heap after
Heap after GC invocations=9 (full 1):
 PSYoungGen      total 74752K, used 9727K [0x00000000d5580000, 0x00000000dad80000, 0x0000000100000000)
  eden space 65024K, 0% used [0x00000000d5580000,0x00000000d5580000,0x00000000d9500000)
  from space 9728K, 99% used [0x00000000da000000,0x00000000da97ff38,0x00000000da980000)
  to   space 11264K, 0% used [0x00000000d9500000,0x00000000d9500000,0x00000000da000000)
 ParOldGen       total 62976K, used 8665K [0x0000000080000000, 0x0000000083d80000, 0x00000000d5580000)
  object space 62976K, 13% used [0x0000000080000000,0x00000000808767b8,0x0000000083d80000)
 Metaspace       used 33665K, capacity 34452K, committed 34816K, reserved 1079296K
  class space    used 4550K, capacity 4758K, committed 4864K, reserved 1048576K
}
Event: 16.660 GC heap before
{Heap before GC invocations=10 (full 1):
 PSYoungGen      total 74752K, used 20950K [0x00000000d5580000, 0x00000000dad80000, 0x0000000100000000)
  eden space 65024K, 17% used [0x00000000d5580000,0x00000000d6075ca8,0x00000000d9500000)
  from space 9728K, 99% used [0x00000000da000000,0x00000000da97ff38,0x00000000da980000)
  to   space 11264K, 0% used [0x00000000d9500000,0x00000000d9500000,0x00000000da000000)
 ParOldGen       total 62976K, used 8665K [0x0000000080000000, 0x0000000083d80000, 0x00000000d5580000)
  object space 62976K, 13% used [0x0000000080000000,0x00000000808767b8,0x0000000083d80000)
 Metaspace       used 34622K, capacity 35326K, committed 35496K, reserved 1079296K
  class space    used 4705K, capacity 4857K, committed 4864K, reserved 1048576K
Event: 16.670 GC heap after
Heap after GC invocations=10 (full 1):
 PSYoungGen      total 76288K, used 7915K [0x00000000d5580000, 0x00000000dc200000, 0x0000000100000000)
  eden space 65024K, 0% used [0x00000000d5580000,0x00000000d5580000,0x00000000d9500000)
  from space 11264K, 70% used [0x00000000d9500000,0x00000000d9cbaf88,0x00000000da000000)
  to   space 11264K, 0% used [0x00000000db700000,0x00000000db700000,0x00000000dc200000)
 ParOldGen       total 62976K, used 8665K [0x0000000080000000, 0x0000000083d80000, 0x00000000d5580000)
  object space 62976K, 13% used [0x0000000080000000,0x00000000808767b8,0x0000000083d80000)
 Metaspace       used 34622K, capacity 35326K, committed 35496K, reserved 1079296K
  class space    used 4705K, capacity 4857K, committed 4864K, reserved 1048576K
}
Event: 16.670 GC heap before
{Heap before GC invocations=11 (full 2):
 PSYoungGen      total 76288K, used 7915K [0x00000000d5580000, 0x00000000dc200000, 0x0000000100000000)
  eden space 65024K, 0% used [0x00000000d5580000,0x00000000d5580000,0x00000000d9500000)
  from space 11264K, 70% used [0x00000000d9500000,0x00000000d9cbaf88,0x00000000da000000)
  to   space 11264K, 0% used [0x00000000db700000,0x00000000db700000,0x00000000dc200000)
 ParOldGen       total 62976K, used 8665K [0x0000000080000000, 0x0000000083d80000, 0x00000000d5580000)
  object space 62976K, 13% used [0x0000000080000000,0x00000000808767b8,0x0000000083d80000)
 Metaspace       used 34622K, capacity 35326K, committed 35496K, reserved 1079296K
  class space    used 4705K, capacity 4857K, committed 4864K, reserved 1048576K
Event: 16.769 GC heap after
Heap after GC invocations=11 (full 2):
 PSYoungGen      total 76288K, used 0K [0x00000000d5580000, 0x00000000dc200000, 0x0000000100000000)
  eden space 65024K, 0% used [0x00000000d5580000,0x00000000d5580000,0x00000000d9500000)
  from space 11264K, 0% used [0x00000000d9500000,0x00000000d9500000,0x00000000da000000)
  to   space 11264K, 0% used [0x00000000db700000,0x00000000db700000,0x00000000dc200000)
 ParOldGen       total 89088K, used 14148K [0x0000000080000000, 0x0000000085700000, 0x00000000d5580000)
  object space 89088K, 15% used [0x0000000080000000,0x0000000080dd1070,0x0000000085700000)
 Metaspace       used 34587K, capacity 35226K, committed 35496K, reserved 1079296K
  class space    used 4694K, capacity 4845K, committed 4864K, reserved 1048576K
}
Event: 18.065 GC heap before
{Heap before GC invocations=12 (full 2):
 PSYoungGen      total 76288K, used 65024K [0x00000000d5580000, 0x00000000dc200000, 0x0000000100000000)
  eden space 65024K, 100% used [0x00000000d5580000,0x00000000d9500000,0x00000000d9500000)
  from space 11264K, 0% used [0x00000000d9500000,0x00000000d9500000,0x00000000da000000)
  to   space 11264K, 0% used [0x00000000db700000,0x00000000db700000,0x00000000dc200000)
 ParOldGen       total 89088K, used 14148K [0x0000000080000000, 0x0000000085700000, 0x00000000d5580000)
  object space 89088K, 15% used [0x0000000080000000,0x0000000080dd1070,0x0000000085700000)
 Metaspace       used 37759K, capacity 38318K, committed 38912K, reserved 1083392K
  class space    used 5085K, capacity 5273K, committed 5376K, reserved 1048576K
Event: 18.080 GC heap after
Heap after GC invocations=12 (full 2):
 PSYoungGen      total 96768K, used 6229K [0x00000000d5580000, 0x00000000dc000000, 0x0000000100000000)
  eden space 87552K, 0% used [0x00000000d5580000,0x00000000d5580000,0x00000000dab00000)
  from space 9216K, 67% used [0x00000000db700000,0x00000000dbd156f8,0x00000000dc000000)
  to   space 10752K, 0% used [0x00000000dab00000,0x00000000dab00000,0x00000000db580000)
 ParOldGen       total 89088K, used 14156K [0x0000000080000000, 0x0000000085700000, 0x00000000d5580000)
  object space 89088K, 15% used [0x0000000080000000,0x0000000080dd3070,0x0000000085700000)
 Metaspace       used 37759K, capacity 38318K, committed 38912K, reserved 1083392K
  class space    used 5085K, capacity 5273K, committed 5376K, reserved 1048576K
}

